/usr/local/lib/python2.7/dist-packages/theano/tensor/signal/downsample.py:6: UserWarning: downsample module has been moved to the theano.tensor.signal.pool module.
  "downsample module has been moved to the theano.tensor.signal.pool module.")
[0;31m---------------------------------------------------------------------------[0m
[0;31mImportError[0m                               Traceback (most recent call last)
[0;32m/usr/lib/python2.7/dist-packages/IPython/utils/py3compat.pyc[0m in [0;36mexecfile[0;34m(fname, *where)[0m
[1;32m    202[0m             [0;32melse[0m[0;34m:[0m[0;34m[0m[0m
[1;32m    203[0m                 [0mfilename[0m [0;34m=[0m [0mfname[0m[0;34m[0m[0m
[0;32m--> 204[0;31m             [0m__builtin__[0m[0;34m.[0m[0mexecfile[0m[0;34m([0m[0mfilename[0m[0;34m,[0m [0;34m*[0m[0mwhere[0m[0;34m)[0m[0;34m[0m[0m
[0m
[0;32m/home/ubuntu/NhuanWorking/VMResource/experiments/experimentFuzzy.py[0m in [0;36m<module>[0;34m()[0m
[1;32m      5[0m [0;34m[0m[0m
[1;32m      6[0m [0;32mfrom[0m [0mestimators[0m[0;34m.[0m[0mACOEstimator[0m [0;32mimport[0m [0mACOEstimator[0m[0;34m[0m[0m
[0;32m----> 7[0;31m [0;32mfrom[0m [0mestimators[0m[0;34m.[0m[0mNeuralFlow[0m [0;32mimport[0m [0mNeuralFlowRegressor[0m[0;34m[0m[0m
[0m[1;32m      8[0m [0;32mfrom[0m [0mestimators[0m[0;34m.[0m[0mOptimizerNNEstimator[0m [0;32mimport[0m [0mOptimizerNNEstimator[0m[0;34m[0m[0m
[1;32m      9[0m [0;32mfrom[0m [0mutils[0m[0;34m.[0m[0mGraphUtil[0m [0;32mimport[0m [0;34m*[0m[0;34m[0m[0m

[0;32m/home/ubuntu/NhuanWorking/VMResource/estimators/NeuralFlow.py[0m in [0;36m<module>[0;34m()[0m
[1;32m      1[0m [0;32mimport[0m [0mmatplotlib[0m[0;34m.[0m[0mpyplot[0m [0;32mas[0m [0mplt[0m[0;34m[0m[0m
[0;32m----> 2[0;31m [0;32mimport[0m [0mskflow[0m[0;34m[0m[0m
[0m[1;32m      3[0m [0;32mimport[0m [0mtensorflow[0m [0;32mas[0m [0mtf[0m[0;34m[0m[0m
[1;32m      4[0m [0;32mfrom[0m [0msklearn[0m[0;34m.[0m[0mbase[0m [0;32mimport[0m [0mBaseEstimator[0m[0;34m[0m[0m
[1;32m      5[0m [0;32mfrom[0m [0msklearn[0m[0;34m.[0m[0mcross_validation[0m [0;32mimport[0m [0mKFold[0m[0;34m[0m[0m

[0;32m/usr/local/lib/python2.7/dist-packages/skflow/__init__.py[0m in [0;36m<module>[0;34m()[0m
[1;32m     21[0m                   "Use import tensorflow.contrib.learn as skflow instead.", DeprecationWarning)
[1;32m     22[0m [0;32mexcept[0m [0mImportError[0m[0;34m:[0m[0;34m[0m[0m
[0;32m---> 23[0;31m     [0;32mraise[0m [0mImportError[0m[0;34m([0m[0;34m"Update your Tensorflow to 0.8+ to use latest skflow."[0m[0;34m)[0m[0;34m[0m[0m
[0m[1;32m     24[0m [0;34m[0m[0m

[0;31mImportError[0m: Update your Tensorflow to 0.8+ to use latest skflow.
/usr/local/lib/python2.7/dist-packages/theano/tensor/signal/downsample.py:6: UserWarning: downsample module has been moved to the theano.tensor.signal.pool module.
  "downsample module has been moved to the theano.tensor.signal.pool module.")
FACO Model
[0;31m---------------------------------------------------------------------------[0m
[0;31mIOError[0m                                   Traceback (most recent call last)
[0;32m/usr/lib/python2.7/dist-packages/IPython/utils/py3compat.pyc[0m in [0;36mexecfile[0;34m(fname, *where)[0m
[1;32m    202[0m             [0;32melse[0m[0;34m:[0m[0;34m[0m[0m
[1;32m    203[0m                 [0mfilename[0m [0;34m=[0m [0mfname[0m[0;34m[0m[0m
[0;32m--> 204[0;31m             [0m__builtin__[0m[0;34m.[0m[0mexecfile[0m[0;34m([0m[0mfilename[0m[0;34m,[0m [0;34m*[0m[0mwhere[0m[0;34m)[0m[0;34m[0m[0m
[0m
[0;32m/home/ubuntu/NhuanWorking/VMResource/experiments/experimentFuzzy.py[0m in [0;36m<module>[0;34m()[0m
[1;32m     30[0m [0;31m# data = pd.read_csv('../cpu_usage.csv')[0m[0;34m[0m[0;34m[0m[0m
[1;32m     31[0m [0;31m# datafeeder = GFeeder()[0m[0;34m[0m[0;34m[0m[0m
[0;32m---> 32[0;31m [0mdata[0m [0;34m=[0m [0mpd[0m[0;34m.[0m[0mread_csv[0m[0;34m([0m[0;34m'../data/gdata/sampling_617685_metric_1min_datetime.csv'[0m[0;34m,[0m[0mindex_col[0m[0;34m=[0m[0;36m0[0m[0;34m)[0m[0;34m[0m[0m
[0m[1;32m     33[0m [0mdata[0m[0;34m.[0m[0mcpu_rate[0m[0;34m[[0m[0mdata[0m[0;34m.[0m[0mcpu_rate[0m[0;34m<[0m[0;36m0.1[0m[0;34m][0m[0;34m=[0m[0;36m0.1[0m[0;34m[0m[0m
[1;32m     34[0m [0mfuzzy_transform[0m [0;34m=[0m [0mFuzzyProcessor[0m[0;34m([0m[0mautomf[0m[0;34m=[0m[0mTrue[0m[0;34m)[0m[0;34m[0m[0m

[0;32m/usr/local/lib/python2.7/dist-packages/pandas/io/parsers.pyc[0m in [0;36mparser_f[0;34m(filepath_or_buffer, sep, delimiter, header, names, index_col, usecols, squeeze, prefix, mangle_dupe_cols, dtype, engine, converters, true_values, false_values, skipinitialspace, skiprows, skipfooter, nrows, na_values, keep_default_na, na_filter, verbose, skip_blank_lines, parse_dates, infer_datetime_format, keep_date_col, date_parser, dayfirst, iterator, chunksize, compression, thousands, decimal, lineterminator, quotechar, quoting, escapechar, comment, encoding, dialect, tupleize_cols, error_bad_lines, warn_bad_lines, skip_footer, doublequote, delim_whitespace, as_recarray, compact_ints, use_unsigned, low_memory, buffer_lines, memory_map, float_precision)[0m
[1;32m    560[0m                     skip_blank_lines=skip_blank_lines)
[1;32m    561[0m [0;34m[0m[0m
[0;32m--> 562[0;31m         [0;32mreturn[0m [0m_read[0m[0;34m([0m[0mfilepath_or_buffer[0m[0;34m,[0m [0mkwds[0m[0;34m)[0m[0;34m[0m[0m
[0m[1;32m    563[0m [0;34m[0m[0m
[1;32m    564[0m     [0mparser_f[0m[0;34m.[0m[0m__name__[0m [0;34m=[0m [0mname[0m[0;34m[0m[0m

[0;32m/usr/local/lib/python2.7/dist-packages/pandas/io/parsers.pyc[0m in [0;36m_read[0;34m(filepath_or_buffer, kwds)[0m
[1;32m    313[0m [0;34m[0m[0m
[1;32m    314[0m     [0;31m# Create the parser.[0m[0;34m[0m[0;34m[0m[0m
[0;32m--> 315[0;31m     [0mparser[0m [0;34m=[0m [0mTextFileReader[0m[0;34m([0m[0mfilepath_or_buffer[0m[0;34m,[0m [0;34m**[0m[0mkwds[0m[0;34m)[0m[0;34m[0m[0m
[0m[1;32m    316[0m [0;34m[0m[0m
[1;32m    317[0m     [0;32mif[0m [0;34m([0m[0mnrows[0m [0;32mis[0m [0;32mnot[0m [0mNone[0m[0;34m)[0m [0;32mand[0m [0;34m([0m[0mchunksize[0m [0;32mis[0m [0;32mnot[0m [0mNone[0m[0;34m)[0m[0;34m:[0m[0;34m[0m[0m

[0;32m/usr/local/lib/python2.7/dist-packages/pandas/io/parsers.pyc[0m in [0;36m__init__[0;34m(self, f, engine, **kwds)[0m
[1;32m    643[0m             [0mself[0m[0;34m.[0m[0moptions[0m[0;34m[[0m[0;34m'has_index_names'[0m[0;34m][0m [0;34m=[0m [0mkwds[0m[0;34m[[0m[0;34m'has_index_names'[0m[0;34m][0m[0;34m[0m[0m
[1;32m    644[0m [0;34m[0m[0m
[0;32m--> 645[0;31m         [0mself[0m[0;34m.[0m[0m_make_engine[0m[0;34m([0m[0mself[0m[0;34m.[0m[0mengine[0m[0;34m)[0m[0;34m[0m[0m
[0m[1;32m    646[0m [0;34m[0m[0m
[1;32m    647[0m     [0;32mdef[0m [0mclose[0m[0;34m([0m[0mself[0m[0;34m)[0m[0;34m:[0m[0;34m[0m[0m

[0;32m/usr/local/lib/python2.7/dist-packages/pandas/io/parsers.pyc[0m in [0;36m_make_engine[0;34m(self, engine)[0m
[1;32m    797[0m     [0;32mdef[0m [0m_make_engine[0m[0;34m([0m[0mself[0m[0;34m,[0m [0mengine[0m[0;34m=[0m[0;34m'c'[0m[0;34m)[0m[0;34m:[0m[0;34m[0m[0m
[1;32m    798[0m         [0;32mif[0m [0mengine[0m [0;34m==[0m [0;34m'c'[0m[0;34m:[0m[0;34m[0m[0m
[0;32m--> 799[0;31m             [0mself[0m[0;34m.[0m[0m_engine[0m [0;34m=[0m [0mCParserWrapper[0m[0;34m([0m[0mself[0m[0;34m.[0m[0mf[0m[0;34m,[0m [0;34m**[0m[0mself[0m[0;34m.[0m[0moptions[0m[0;34m)[0m[0;34m[0m[0m
[0m[1;32m    800[0m         [0;32melse[0m[0;34m:[0m[0;34m[0m[0m
[1;32m    801[0m             [0;32mif[0m [0mengine[0m [0;34m==[0m [0;34m'python'[0m[0;34m:[0m[0;34m[0m[0m

[0;32m/usr/local/lib/python2.7/dist-packages/pandas/io/parsers.pyc[0m in [0;36m__init__[0;34m(self, src, **kwds)[0m
[1;32m   1211[0m         [0mkwds[0m[0;34m[[0m[0;34m'allow_leading_cols'[0m[0;34m][0m [0;34m=[0m [0mself[0m[0;34m.[0m[0mindex_col[0m [0;32mis[0m [0;32mnot[0m [0mFalse[0m[0;34m[0m[0m
[1;32m   1212[0m [0;34m[0m[0m
[0;32m-> 1213[0;31m         [0mself[0m[0;34m.[0m[0m_reader[0m [0;34m=[0m [0m_parser[0m[0;34m.[0m[0mTextReader[0m[0;34m([0m[0msrc[0m[0;34m,[0m [0;34m**[0m[0mkwds[0m[0;34m)[0m[0;34m[0m[0m
[0m[1;32m   1214[0m [0;34m[0m[0m
[1;32m   1215[0m         [0;31m# XXX[0m[0;34m[0m[0;34m[0m[0m

[0;32m/usr/local/lib/python2.7/dist-packages/pandas/parser.so[0m in [0;36mpandas.parser.TextReader.__cinit__ (pandas/parser.c:3427)[0;34m()[0m

[0;32m/usr/local/lib/python2.7/dist-packages/pandas/parser.so[0m in [0;36mpandas.parser.TextReader._setup_parser_source (pandas/parser.c:6861)[0;34m()[0m

[0;31mIOError[0m: File ../data/gdata/sampling_617685_metric_1min_datetime.csv does not exist
/usr/local/lib/python2.7/dist-packages/theano/tensor/signal/downsample.py:6: UserWarning: downsample module has been moved to the theano.tensor.signal.pool module.
  "downsample module has been moved to the theano.tensor.signal.pool module.")
FACO Model
[0;31m---------------------------------------------------------------------------[0m
[0;31mIOError[0m                                   Traceback (most recent call last)
[0;32m/usr/lib/python2.7/dist-packages/IPython/utils/py3compat.pyc[0m in [0;36mexecfile[0;34m(fname, *where)[0m
[1;32m    202[0m             [0;32melse[0m[0;34m:[0m[0;34m[0m[0m
[1;32m    203[0m                 [0mfilename[0m [0;34m=[0m [0mfname[0m[0;34m[0m[0m
[0;32m--> 204[0;31m             [0m__builtin__[0m[0;34m.[0m[0mexecfile[0m[0;34m([0m[0mfilename[0m[0;34m,[0m [0;34m*[0m[0mwhere[0m[0;34m)[0m[0;34m[0m[0m
[0m
[0;32m/home/ubuntu/NhuanWorking/VMResource/experiments/experimentFuzzy.py[0m in [0;36m<module>[0;34m()[0m
[1;32m     32[0m [0;31m# datafeeder = GFeeder()[0m[0;34m[0m[0;34m[0m[0m
[1;32m     33[0m [0mscaler[0m [0;34m=[0m [0mMinMaxScaler[0m[0;34m([0m[0;34m)[0m[0;34m[0m[0m
[0;32m---> 34[0;31m [0mdata[0m [0;34m=[0m [0mscaler[0m[0;34m.[0m[0mfit_transform[0m[0;34m([0m[0mpd[0m[0;34m.[0m[0mread_csv[0m[0;34m([0m[0;34m'/data/gdata/sampling_617685_metric_1min_datetime.csv'[0m[0;34m,[0m[0mindex_col[0m[0;34m=[0m[0;36m0[0m[0;34m)[0m[0;34m)[0m[0;34m[0m[0m
[0m[1;32m     35[0m [0;32mprint[0m [0;34m"Normalize complete"[0m[0;34m[0m[0m
[1;32m     36[0m [0mfuzzy_transform[0m [0;34m=[0m [0mFuzzyProcessor[0m[0;34m([0m[0mautomf[0m[0;34m=[0m[0mTrue[0m[0;34m)[0m[0;34m[0m[0m

[0;32m/usr/local/lib/python2.7/dist-packages/pandas/io/parsers.pyc[0m in [0;36mparser_f[0;34m(filepath_or_buffer, sep, delimiter, header, names, index_col, usecols, squeeze, prefix, mangle_dupe_cols, dtype, engine, converters, true_values, false_values, skipinitialspace, skiprows, skipfooter, nrows, na_values, keep_default_na, na_filter, verbose, skip_blank_lines, parse_dates, infer_datetime_format, keep_date_col, date_parser, dayfirst, iterator, chunksize, compression, thousands, decimal, lineterminator, quotechar, quoting, escapechar, comment, encoding, dialect, tupleize_cols, error_bad_lines, warn_bad_lines, skip_footer, doublequote, delim_whitespace, as_recarray, compact_ints, use_unsigned, low_memory, buffer_lines, memory_map, float_precision)[0m
[1;32m    560[0m                     skip_blank_lines=skip_blank_lines)
[1;32m    561[0m [0;34m[0m[0m
[0;32m--> 562[0;31m         [0;32mreturn[0m [0m_read[0m[0;34m([0m[0mfilepath_or_buffer[0m[0;34m,[0m [0mkwds[0m[0;34m)[0m[0;34m[0m[0m
[0m[1;32m    563[0m [0;34m[0m[0m
[1;32m    564[0m     [0mparser_f[0m[0;34m.[0m[0m__name__[0m [0;34m=[0m [0mname[0m[0;34m[0m[0m

[0;32m/usr/local/lib/python2.7/dist-packages/pandas/io/parsers.pyc[0m in [0;36m_read[0;34m(filepath_or_buffer, kwds)[0m
[1;32m    313[0m [0;34m[0m[0m
[1;32m    314[0m     [0;31m# Create the parser.[0m[0;34m[0m[0;34m[0m[0m
[0;32m--> 315[0;31m     [0mparser[0m [0;34m=[0m [0mTextFileReader[0m[0;34m([0m[0mfilepath_or_buffer[0m[0;34m,[0m [0;34m**[0m[0mkwds[0m[0;34m)[0m[0;34m[0m[0m
[0m[1;32m    316[0m [0;34m[0m[0m
[1;32m    317[0m     [0;32mif[0m [0;34m([0m[0mnrows[0m [0;32mis[0m [0;32mnot[0m [0mNone[0m[0;34m)[0m [0;32mand[0m [0;34m([0m[0mchunksize[0m [0;32mis[0m [0;32mnot[0m [0mNone[0m[0;34m)[0m[0;34m:[0m[0;34m[0m[0m

[0;32m/usr/local/lib/python2.7/dist-packages/pandas/io/parsers.pyc[0m in [0;36m__init__[0;34m(self, f, engine, **kwds)[0m
[1;32m    643[0m             [0mself[0m[0;34m.[0m[0moptions[0m[0;34m[[0m[0;34m'has_index_names'[0m[0;34m][0m [0;34m=[0m [0mkwds[0m[0;34m[[0m[0;34m'has_index_names'[0m[0;34m][0m[0;34m[0m[0m
[1;32m    644[0m [0;34m[0m[0m
[0;32m--> 645[0;31m         [0mself[0m[0;34m.[0m[0m_make_engine[0m[0;34m([0m[0mself[0m[0;34m.[0m[0mengine[0m[0;34m)[0m[0;34m[0m[0m
[0m[1;32m    646[0m [0;34m[0m[0m
[1;32m    647[0m     [0;32mdef[0m [0mclose[0m[0;34m([0m[0mself[0m[0;34m)[0m[0;34m:[0m[0;34m[0m[0m

[0;32m/usr/local/lib/python2.7/dist-packages/pandas/io/parsers.pyc[0m in [0;36m_make_engine[0;34m(self, engine)[0m
[1;32m    797[0m     [0;32mdef[0m [0m_make_engine[0m[0;34m([0m[0mself[0m[0;34m,[0m [0mengine[0m[0;34m=[0m[0;34m'c'[0m[0;34m)[0m[0;34m:[0m[0;34m[0m[0m
[1;32m    798[0m         [0;32mif[0m [0mengine[0m [0;34m==[0m [0;34m'c'[0m[0;34m:[0m[0;34m[0m[0m
[0;32m--> 799[0;31m             [0mself[0m[0;34m.[0m[0m_engine[0m [0;34m=[0m [0mCParserWrapper[0m[0;34m([0m[0mself[0m[0;34m.[0m[0mf[0m[0;34m,[0m [0;34m**[0m[0mself[0m[0;34m.[0m[0moptions[0m[0;34m)[0m[0;34m[0m[0m
[0m[1;32m    800[0m         [0;32melse[0m[0;34m:[0m[0;34m[0m[0m
[1;32m    801[0m             [0;32mif[0m [0mengine[0m [0;34m==[0m [0;34m'python'[0m[0;34m:[0m[0;34m[0m[0m

[0;32m/usr/local/lib/python2.7/dist-packages/pandas/io/parsers.pyc[0m in [0;36m__init__[0;34m(self, src, **kwds)[0m
[1;32m   1211[0m         [0mkwds[0m[0;34m[[0m[0;34m'allow_leading_cols'[0m[0;34m][0m [0;34m=[0m [0mself[0m[0;34m.[0m[0mindex_col[0m [0;32mis[0m [0;32mnot[0m [0mFalse[0m[0;34m[0m[0m
[1;32m   1212[0m [0;34m[0m[0m
[0;32m-> 1213[0;31m         [0mself[0m[0;34m.[0m[0m_reader[0m [0;34m=[0m [0m_parser[0m[0;34m.[0m[0mTextReader[0m[0;34m([0m[0msrc[0m[0;34m,[0m [0;34m**[0m[0mkwds[0m[0;34m)[0m[0;34m[0m[0m
[0m[1;32m   1214[0m [0;34m[0m[0m
[1;32m   1215[0m         [0;31m# XXX[0m[0;34m[0m[0;34m[0m[0m

[0;32m/usr/local/lib/python2.7/dist-packages/pandas/parser.so[0m in [0;36mpandas.parser.TextReader.__cinit__ (pandas/parser.c:3427)[0;34m()[0m

[0;32m/usr/local/lib/python2.7/dist-packages/pandas/parser.so[0m in [0;36mpandas.parser.TextReader._setup_parser_source (pandas/parser.c:6861)[0;34m()[0m

[0;31mIOError[0m: File /data/gdata/sampling_617685_metric_1min_datetime.csv does not exist
/usr/local/lib/python2.7/dist-packages/theano/tensor/signal/downsample.py:6: UserWarning: downsample module has been moved to the theano.tensor.signal.pool module.
  "downsample module has been moved to the theano.tensor.signal.pool module.")
FACO Model
[0;31m---------------------------------------------------------------------------[0m
[0;31mIOError[0m                                   Traceback (most recent call last)
[0;32m/usr/lib/python2.7/dist-packages/IPython/utils/py3compat.pyc[0m in [0;36mexecfile[0;34m(fname, *where)[0m
[1;32m    202[0m             [0;32melse[0m[0;34m:[0m[0;34m[0m[0m
[1;32m    203[0m                 [0mfilename[0m [0;34m=[0m [0mfname[0m[0;34m[0m[0m
[0;32m--> 204[0;31m             [0m__builtin__[0m[0;34m.[0m[0mexecfile[0m[0;34m([0m[0mfilename[0m[0;34m,[0m [0;34m*[0m[0mwhere[0m[0;34m)[0m[0;34m[0m[0m
[0m
[0;32m/home/ubuntu/NhuanWorking/VMResource/experiments/experimentFuzzy.py[0m in [0;36m<module>[0;34m()[0m
[1;32m     32[0m [0;31m# datafeeder = GFeeder()[0m[0;34m[0m[0;34m[0m[0m
[1;32m     33[0m [0mscaler[0m [0;34m=[0m [0mMinMaxScaler[0m[0;34m([0m[0;34m)[0m[0;34m[0m[0m
[0;32m---> 34[0;31m [0mdata[0m [0;34m=[0m [0mscaler[0m[0;34m.[0m[0mfit_transform[0m[0;34m([0m[0mpd[0m[0;34m.[0m[0mread_csv[0m[0;34m([0m[0;34m'data/gdata/sampling_617685_metric_1min_datetime.csv'[0m[0;34m,[0m[0mindex_col[0m[0;34m=[0m[0;36m0[0m[0;34m)[0m[0;34m)[0m[0;34m[0m[0m
[0m[1;32m     35[0m [0;32mprint[0m [0;34m"Normalize complete"[0m[0;34m[0m[0m
[1;32m     36[0m [0mfuzzy_transform[0m [0;34m=[0m [0mFuzzyProcessor[0m[0;34m([0m[0mautomf[0m[0;34m=[0m[0mTrue[0m[0;34m)[0m[0;34m[0m[0m

[0;32m/usr/local/lib/python2.7/dist-packages/pandas/io/parsers.pyc[0m in [0;36mparser_f[0;34m(filepath_or_buffer, sep, delimiter, header, names, index_col, usecols, squeeze, prefix, mangle_dupe_cols, dtype, engine, converters, true_values, false_values, skipinitialspace, skiprows, skipfooter, nrows, na_values, keep_default_na, na_filter, verbose, skip_blank_lines, parse_dates, infer_datetime_format, keep_date_col, date_parser, dayfirst, iterator, chunksize, compression, thousands, decimal, lineterminator, quotechar, quoting, escapechar, comment, encoding, dialect, tupleize_cols, error_bad_lines, warn_bad_lines, skip_footer, doublequote, delim_whitespace, as_recarray, compact_ints, use_unsigned, low_memory, buffer_lines, memory_map, float_precision)[0m
[1;32m    560[0m                     skip_blank_lines=skip_blank_lines)
[1;32m    561[0m [0;34m[0m[0m
[0;32m--> 562[0;31m         [0;32mreturn[0m [0m_read[0m[0;34m([0m[0mfilepath_or_buffer[0m[0;34m,[0m [0mkwds[0m[0;34m)[0m[0;34m[0m[0m
[0m[1;32m    563[0m [0;34m[0m[0m
[1;32m    564[0m     [0mparser_f[0m[0;34m.[0m[0m__name__[0m [0;34m=[0m [0mname[0m[0;34m[0m[0m

[0;32m/usr/local/lib/python2.7/dist-packages/pandas/io/parsers.pyc[0m in [0;36m_read[0;34m(filepath_or_buffer, kwds)[0m
[1;32m    313[0m [0;34m[0m[0m
[1;32m    314[0m     [0;31m# Create the parser.[0m[0;34m[0m[0;34m[0m[0m
[0;32m--> 315[0;31m     [0mparser[0m [0;34m=[0m [0mTextFileReader[0m[0;34m([0m[0mfilepath_or_buffer[0m[0;34m,[0m [0;34m**[0m[0mkwds[0m[0;34m)[0m[0;34m[0m[0m
[0m[1;32m    316[0m [0;34m[0m[0m
[1;32m    317[0m     [0;32mif[0m [0;34m([0m[0mnrows[0m [0;32mis[0m [0;32mnot[0m [0mNone[0m[0;34m)[0m [0;32mand[0m [0;34m([0m[0mchunksize[0m [0;32mis[0m [0;32mnot[0m [0mNone[0m[0;34m)[0m[0;34m:[0m[0;34m[0m[0m

[0;32m/usr/local/lib/python2.7/dist-packages/pandas/io/parsers.pyc[0m in [0;36m__init__[0;34m(self, f, engine, **kwds)[0m
[1;32m    643[0m             [0mself[0m[0;34m.[0m[0moptions[0m[0;34m[[0m[0;34m'has_index_names'[0m[0;34m][0m [0;34m=[0m [0mkwds[0m[0;34m[[0m[0;34m'has_index_names'[0m[0;34m][0m[0;34m[0m[0m
[1;32m    644[0m [0;34m[0m[0m
[0;32m--> 645[0;31m         [0mself[0m[0;34m.[0m[0m_make_engine[0m[0;34m([0m[0mself[0m[0;34m.[0m[0mengine[0m[0;34m)[0m[0;34m[0m[0m
[0m[1;32m    646[0m [0;34m[0m[0m
[1;32m    647[0m     [0;32mdef[0m [0mclose[0m[0;34m([0m[0mself[0m[0;34m)[0m[0;34m:[0m[0;34m[0m[0m

[0;32m/usr/local/lib/python2.7/dist-packages/pandas/io/parsers.pyc[0m in [0;36m_make_engine[0;34m(self, engine)[0m
[1;32m    797[0m     [0;32mdef[0m [0m_make_engine[0m[0;34m([0m[0mself[0m[0;34m,[0m [0mengine[0m[0;34m=[0m[0;34m'c'[0m[0;34m)[0m[0;34m:[0m[0;34m[0m[0m
[1;32m    798[0m         [0;32mif[0m [0mengine[0m [0;34m==[0m [0;34m'c'[0m[0;34m:[0m[0;34m[0m[0m
[0;32m--> 799[0;31m             [0mself[0m[0;34m.[0m[0m_engine[0m [0;34m=[0m [0mCParserWrapper[0m[0;34m([0m[0mself[0m[0;34m.[0m[0mf[0m[0;34m,[0m [0;34m**[0m[0mself[0m[0;34m.[0m[0moptions[0m[0;34m)[0m[0;34m[0m[0m
[0m[1;32m    800[0m         [0;32melse[0m[0;34m:[0m[0;34m[0m[0m
[1;32m    801[0m             [0;32mif[0m [0mengine[0m [0;34m==[0m [0;34m'python'[0m[0;34m:[0m[0;34m[0m[0m

[0;32m/usr/local/lib/python2.7/dist-packages/pandas/io/parsers.pyc[0m in [0;36m__init__[0;34m(self, src, **kwds)[0m
[1;32m   1211[0m         [0mkwds[0m[0;34m[[0m[0;34m'allow_leading_cols'[0m[0;34m][0m [0;34m=[0m [0mself[0m[0;34m.[0m[0mindex_col[0m [0;32mis[0m [0;32mnot[0m [0mFalse[0m[0;34m[0m[0m
[1;32m   1212[0m [0;34m[0m[0m
[0;32m-> 1213[0;31m         [0mself[0m[0;34m.[0m[0m_reader[0m [0;34m=[0m [0m_parser[0m[0;34m.[0m[0mTextReader[0m[0;34m([0m[0msrc[0m[0;34m,[0m [0;34m**[0m[0mkwds[0m[0;34m)[0m[0;34m[0m[0m
[0m[1;32m   1214[0m [0;34m[0m[0m
[1;32m   1215[0m         [0;31m# XXX[0m[0;34m[0m[0;34m[0m[0m

[0;32m/usr/local/lib/python2.7/dist-packages/pandas/parser.so[0m in [0;36mpandas.parser.TextReader.__cinit__ (pandas/parser.c:3427)[0;34m()[0m

[0;32m/usr/local/lib/python2.7/dist-packages/pandas/parser.so[0m in [0;36mpandas.parser.TextReader._setup_parser_source (pandas/parser.c:6861)[0;34m()[0m

[0;31mIOError[0m: File data/gdata/sampling_617685_metric_1min_datetime.csv does not exist
/usr/local/lib/python2.7/dist-packages/theano/tensor/signal/downsample.py:6: UserWarning: downsample module has been moved to the theano.tensor.signal.pool module.
  "downsample module has been moved to the theano.tensor.signal.pool module.")
FACO Model
[0;31m---------------------------------------------------------------------------[0m
[0;31mValueError[0m                                Traceback (most recent call last)
[0;32m/usr/lib/python2.7/dist-packages/IPython/utils/py3compat.pyc[0m in [0;36mexecfile[0;34m(fname, *where)[0m
[1;32m    202[0m             [0;32melse[0m[0;34m:[0m[0;34m[0m[0m
[1;32m    203[0m                 [0mfilename[0m [0;34m=[0m [0mfname[0m[0;34m[0m[0m
[0;32m--> 204[0;31m             [0m__builtin__[0m[0;34m.[0m[0mexecfile[0m[0;34m([0m[0mfilename[0m[0;34m,[0m [0;34m*[0m[0mwhere[0m[0;34m)[0m[0;34m[0m[0m
[0m
[0;32m/home/ubuntu/NhuanWorking/VMResource/experiments/experimentFuzzy.py[0m in [0;36m<module>[0;34m()[0m
[1;32m     32[0m [0;31m# datafeeder = GFeeder()[0m[0;34m[0m[0;34m[0m[0m
[1;32m     33[0m [0mscaler[0m [0;34m=[0m [0mMinMaxScaler[0m[0;34m([0m[0;34m)[0m[0;34m[0m[0m
[0;32m---> 34[0;31m [0mdata[0m [0;34m=[0m [0mscaler[0m[0;34m.[0m[0mfit_transform[0m[0;34m([0m[0mpd[0m[0;34m.[0m[0mread_csv[0m[0;34m([0m[0;34m'data/gdata/sampling_617685_metric_1min_datetime.csv'[0m[0;34m,[0m[0mindex_col[0m[0;34m=[0m[0;36m0[0m[0;34m)[0m[0;34m)[0m[0;34m[0m[0m
[0m[1;32m     35[0m [0;32mprint[0m [0;34m"Normalize complete"[0m[0;34m[0m[0m
[1;32m     36[0m [0mfuzzy_transform[0m [0;34m=[0m [0mFuzzyProcessor[0m[0;34m([0m[0mautomf[0m[0;34m=[0m[0mTrue[0m[0;34m)[0m[0;34m[0m[0m

[0;32m/usr/local/lib/python2.7/dist-packages/sklearn/base.pyc[0m in [0;36mfit_transform[0;34m(self, X, y, **fit_params)[0m
[1;32m    453[0m         [0;32mif[0m [0my[0m [0;32mis[0m [0mNone[0m[0;34m:[0m[0;34m[0m[0m
[1;32m    454[0m             [0;31m# fit method of arity 1 (unsupervised transformation)[0m[0;34m[0m[0;34m[0m[0m
[0;32m--> 455[0;31m             [0;32mreturn[0m [0mself[0m[0;34m.[0m[0mfit[0m[0;34m([0m[0mX[0m[0;34m,[0m [0;34m**[0m[0mfit_params[0m[0;34m)[0m[0;34m.[0m[0mtransform[0m[0;34m([0m[0mX[0m[0;34m)[0m[0;34m[0m[0m
[0m[1;32m    456[0m         [0;32melse[0m[0;34m:[0m[0;34m[0m[0m
[1;32m    457[0m             [0;31m# fit method of arity 2 (supervised transformation)[0m[0;34m[0m[0;34m[0m[0m

[0;32m/usr/local/lib/python2.7/dist-packages/sklearn/preprocessing/data.pyc[0m in [0;36mfit[0;34m(self, X, y)[0m
[1;32m    293[0m         [0;31m# Reset internal state before fitting[0m[0;34m[0m[0;34m[0m[0m
[1;32m    294[0m         [0mself[0m[0;34m.[0m[0m_reset[0m[0;34m([0m[0;34m)[0m[0;34m[0m[0m
[0;32m--> 295[0;31m         [0;32mreturn[0m [0mself[0m[0;34m.[0m[0mpartial_fit[0m[0;34m([0m[0mX[0m[0;34m,[0m [0my[0m[0;34m)[0m[0;34m[0m[0m
[0m[1;32m    296[0m [0;34m[0m[0m
[1;32m    297[0m     [0;32mdef[0m [0mpartial_fit[0m[0;34m([0m[0mself[0m[0;34m,[0m [0mX[0m[0;34m,[0m [0my[0m[0;34m=[0m[0mNone[0m[0;34m)[0m[0;34m:[0m[0;34m[0m[0m

[0;32m/usr/local/lib/python2.7/dist-packages/sklearn/preprocessing/data.pyc[0m in [0;36mpartial_fit[0;34m(self, X, y)[0m
[1;32m    319[0m [0;34m[0m[0m
[1;32m    320[0m         X = check_array(X, copy=self.copy, ensure_2d=False, warn_on_dtype=True,
[0;32m--> 321[0;31m                         estimator=self, dtype=FLOAT_DTYPES)
[0m[1;32m    322[0m [0;34m[0m[0m
[1;32m    323[0m         [0;32mif[0m [0mX[0m[0;34m.[0m[0mndim[0m [0;34m==[0m [0;36m1[0m[0;34m:[0m[0;34m[0m[0m

[0;32m/usr/local/lib/python2.7/dist-packages/sklearn/utils/validation.pyc[0m in [0;36mcheck_array[0;34m(array, accept_sparse, dtype, order, copy, force_all_finite, ensure_2d, allow_nd, ensure_min_samples, ensure_min_features, warn_on_dtype, estimator)[0m
[1;32m    396[0m                              % (array.ndim, estimator_name))
[1;32m    397[0m         [0;32mif[0m [0mforce_all_finite[0m[0;34m:[0m[0;34m[0m[0m
[0;32m--> 398[0;31m             [0m_assert_all_finite[0m[0;34m([0m[0marray[0m[0;34m)[0m[0;34m[0m[0m
[0m[1;32m    399[0m [0;34m[0m[0m
[1;32m    400[0m     [0mshape_repr[0m [0;34m=[0m [0m_shape_repr[0m[0;34m([0m[0marray[0m[0;34m.[0m[0mshape[0m[0;34m)[0m[0;34m[0m[0m

[0;32m/usr/local/lib/python2.7/dist-packages/sklearn/utils/validation.pyc[0m in [0;36m_assert_all_finite[0;34m(X)[0m
[1;32m     52[0m             and not np.isfinite(X).all()):
[1;32m     53[0m         raise ValueError("Input contains NaN, infinity"
[0;32m---> 54[0;31m                          " or a value too large for %r." % X.dtype)
[0m[1;32m     55[0m [0;34m[0m[0m
[1;32m     56[0m [0;34m[0m[0m

[0;31mValueError[0m: Input contains NaN, infinity or a value too large for dtype('float64').
/usr/local/lib/python2.7/dist-packages/theano/tensor/signal/downsample.py:6: UserWarning: downsample module has been moved to the theano.tensor.signal.pool module.
  "downsample module has been moved to the theano.tensor.signal.pool module.")
/usr/local/lib/python2.7/dist-packages/sklearn/preprocessing/data.py:324: DeprecationWarning: Passing 1d arrays as data is deprecated in 0.17 and will raise ValueError in 0.19. Reshape your data either using X.reshape(-1, 1) if your data has a single feature or X.reshape(1, -1) if it contains a single sample.
  warnings.warn(DEPRECATION_MSG_1D, DeprecationWarning)
/usr/local/lib/python2.7/dist-packages/sklearn/preprocessing/data.py:359: DeprecationWarning: Passing 1d arrays as data is deprecated in 0.17 and will raise ValueError in 0.19. Reshape your data either using X.reshape(-1, 1) if your data has a single feature or X.reshape(1, -1) if it contains a single sample.
  warnings.warn(DEPRECATION_MSG_1D, DeprecationWarning)
FACO Model
Normalize complete
Preparing sliding window dataset...
[0;31m---------------------------------------------------------------------------[0m
[0;31mAttributeError[0m                            Traceback (most recent call last)
[0;32m/usr/lib/python2.7/dist-packages/IPython/utils/py3compat.pyc[0m in [0;36mexecfile[0;34m(fname, *where)[0m
[1;32m    202[0m             [0;32melse[0m[0;34m:[0m[0;34m[0m[0m
[1;32m    203[0m                 [0mfilename[0m [0;34m=[0m [0mfname[0m[0;34m[0m[0m
[0;32m--> 204[0;31m             [0m__builtin__[0m[0;34m.[0m[0mexecfile[0m[0;34m([0m[0mfilename[0m[0;34m,[0m [0;34m*[0m[0mwhere[0m[0;34m)[0m[0;34m[0m[0m
[0m
[0;32m/home/ubuntu/NhuanWorking/VMResource/experiments/experimentFuzzy.py[0m in [0;36m<module>[0;34m()[0m
[1;32m     50[0m [0mX_test[0m [0;34m=[0m [0mX_dat[0m[0;34m[[0m[0mtraining_set_size[0m[0;34m:[0m[0mtraining_set_size[0m[0;34m+[0m[0mtesting_set_size[0m[0;34m][0m[0;34m[0m[0m
[1;32m     51[0m [0my_train[0m [0;34m=[0m [0mfuzzy_train[0m[0;34m[[0m[0;36m1[0m[0;34m:[0m[0mtraining_set_size[0m[0;34m+[0m[0;36m1[0m[0;34m][0m[0;34m[0m[0m
[0;32m---> 52[0;31m [0my_test[0m [0;34m=[0m [0mdata[0m[0;34m.[0m[0mcpu_usage[0m[0;34m[[0m[0mtraining_set_size[0m[0;34m+[0m[0;36m1[0m[0;34m:[0m[0mtraining_set_size[0m[0;34m+[0m[0mtesting_set_size[0m[0;34m+[0m[0;36m1[0m[0;34m][0m[0;34m[0m[0m
[0m[1;32m     53[0m [0;31m#[0m[0;34m[0m[0;34m[0m[0m
[1;32m     54[0m [0;31m# # Setup paramters of model[0m[0;34m[0m[0;34m[0m[0m

[0;31mAttributeError[0m: 'numpy.ndarray' object has no attribute 'cpu_usage'
/usr/local/lib/python2.7/dist-packages/theano/tensor/signal/downsample.py:6: UserWarning: downsample module has been moved to the theano.tensor.signal.pool module.
  "downsample module has been moved to the theano.tensor.signal.pool module.")
/usr/local/lib/python2.7/dist-packages/sklearn/preprocessing/data.py:324: DeprecationWarning: Passing 1d arrays as data is deprecated in 0.17 and will raise ValueError in 0.19. Reshape your data either using X.reshape(-1, 1) if your data has a single feature or X.reshape(1, -1) if it contains a single sample.
  warnings.warn(DEPRECATION_MSG_1D, DeprecationWarning)
/usr/local/lib/python2.7/dist-packages/sklearn/preprocessing/data.py:359: DeprecationWarning: Passing 1d arrays as data is deprecated in 0.17 and will raise ValueError in 0.19. Reshape your data either using X.reshape(-1, 1) if your data has a single feature or X.reshape(1, -1) if it contains a single sample.
  warnings.warn(DEPRECATION_MSG_1D, DeprecationWarning)
FACO Model
Normalize complete
Preparing sliding window dataset...
[0;31m---------------------------------------------------------------------------[0m
[0;31mAttributeError[0m                            Traceback (most recent call last)
[0;32m/usr/lib/python2.7/dist-packages/IPython/utils/py3compat.pyc[0m in [0;36mexecfile[0;34m(fname, *where)[0m
[1;32m    202[0m             [0;32melse[0m[0;34m:[0m[0;34m[0m[0m
[1;32m    203[0m                 [0mfilename[0m [0;34m=[0m [0mfname[0m[0;34m[0m[0m
[0;32m--> 204[0;31m             [0m__builtin__[0m[0;34m.[0m[0mexecfile[0m[0;34m([0m[0mfilename[0m[0;34m,[0m [0;34m*[0m[0mwhere[0m[0;34m)[0m[0;34m[0m[0m
[0m
[0;32m/home/ubuntu/NhuanWorking/VMResource/experiments/experimentFuzzy.py[0m in [0;36m<module>[0;34m()[0m
[1;32m     50[0m [0mX_test[0m [0;34m=[0m [0mX_dat[0m[0;34m[[0m[0mtraining_set_size[0m[0;34m:[0m[0mtraining_set_size[0m[0;34m+[0m[0mtesting_set_size[0m[0;34m][0m[0;34m[0m[0m
[1;32m     51[0m [0my_train[0m [0;34m=[0m [0mfuzzy_train[0m[0;34m[[0m[0;36m1[0m[0;34m:[0m[0mtraining_set_size[0m[0;34m+[0m[0;36m1[0m[0;34m][0m[0;34m[0m[0m
[0;32m---> 52[0;31m [0my_test[0m [0;34m=[0m [0mdata[0m[0;34m.[0m[0mcpu_rate[0m[0;34m[[0m[0mtraining_set_size[0m[0;34m+[0m[0;36m1[0m[0;34m:[0m[0mtraining_set_size[0m[0;34m+[0m[0mtesting_set_size[0m[0;34m+[0m[0;36m1[0m[0;34m][0m[0;34m[0m[0m
[0m[1;32m     53[0m [0;31m#[0m[0;34m[0m[0;34m[0m[0m
[1;32m     54[0m [0;31m# # Setup paramters of model[0m[0;34m[0m[0;34m[0m[0m

[0;31mAttributeError[0m: 'numpy.ndarray' object has no attribute 'cpu_rate'
/usr/local/lib/python2.7/dist-packages/theano/tensor/signal/downsample.py:6: UserWarning: downsample module has been moved to the theano.tensor.signal.pool module.
  "downsample module has been moved to the theano.tensor.signal.pool module.")
/usr/local/lib/python2.7/dist-packages/sklearn/preprocessing/data.py:324: DeprecationWarning: Passing 1d arrays as data is deprecated in 0.17 and will raise ValueError in 0.19. Reshape your data either using X.reshape(-1, 1) if your data has a single feature or X.reshape(1, -1) if it contains a single sample.
  warnings.warn(DEPRECATION_MSG_1D, DeprecationWarning)
/usr/local/lib/python2.7/dist-packages/sklearn/preprocessing/data.py:359: DeprecationWarning: Passing 1d arrays as data is deprecated in 0.17 and will raise ValueError in 0.19. Reshape your data either using X.reshape(-1, 1) if your data has a single feature or X.reshape(1, -1) if it contains a single sample.
  warnings.warn(DEPRECATION_MSG_1D, DeprecationWarning)
FACO Model
Normalize complete
Preparing sliding window dataset...
[0;31m---------------------------------------------------------------------------[0m
[0;31mAttributeError[0m                            Traceback (most recent call last)
[0;32m/usr/lib/python2.7/dist-packages/IPython/utils/py3compat.pyc[0m in [0;36mexecfile[0;34m(fname, *where)[0m
[1;32m    202[0m             [0;32melse[0m[0;34m:[0m[0;34m[0m[0m
[1;32m    203[0m                 [0mfilename[0m [0;34m=[0m [0mfname[0m[0;34m[0m[0m
[0;32m--> 204[0;31m             [0m__builtin__[0m[0;34m.[0m[0mexecfile[0m[0;34m([0m[0mfilename[0m[0;34m,[0m [0;34m*[0m[0mwhere[0m[0;34m)[0m[0;34m[0m[0m
[0m
[0;32m/home/ubuntu/NhuanWorking/VMResource/experiments/experimentFuzzy.py[0m in [0;36m<module>[0;34m()[0m
[1;32m     50[0m [0mX_test[0m [0;34m=[0m [0mX_dat[0m[0;34m[[0m[0mtraining_set_size[0m[0;34m:[0m[0mtraining_set_size[0m[0;34m+[0m[0mtesting_set_size[0m[0;34m][0m[0;34m[0m[0m
[1;32m     51[0m [0my_train[0m [0;34m=[0m [0mfuzzy_train[0m[0;34m[[0m[0;36m1[0m[0;34m:[0m[0mtraining_set_size[0m[0;34m+[0m[0;36m1[0m[0;34m][0m[0;34m[0m[0m
[0;32m---> 52[0;31m [0my_test[0m [0;34m=[0m [0mdata[0m[0;34m.[0m[0mcpu_rate[0m[0;34m[[0m[0mtraining_set_size[0m[0;34m+[0m[0;36m1[0m[0;34m:[0m[0mtraining_set_size[0m[0;34m+[0m[0mtesting_set_size[0m[0;34m+[0m[0;36m1[0m[0;34m][0m[0;34m[0m[0m
[0m[1;32m     53[0m [0;31m#[0m[0;34m[0m[0;34m[0m[0m
[1;32m     54[0m [0;31m# # Setup paramters of model[0m[0;34m[0m[0;34m[0m[0m

[0;31mAttributeError[0m: 'numpy.ndarray' object has no attribute 'cpu_rate'
/usr/local/lib/python2.7/dist-packages/theano/tensor/signal/downsample.py:6: UserWarning: downsample module has been moved to the theano.tensor.signal.pool module.
  "downsample module has been moved to the theano.tensor.signal.pool module.")
/usr/local/lib/python2.7/dist-packages/sklearn/preprocessing/data.py:324: DeprecationWarning: Passing 1d arrays as data is deprecated in 0.17 and will raise ValueError in 0.19. Reshape your data either using X.reshape(-1, 1) if your data has a single feature or X.reshape(1, -1) if it contains a single sample.
  warnings.warn(DEPRECATION_MSG_1D, DeprecationWarning)
/usr/local/lib/python2.7/dist-packages/sklearn/preprocessing/data.py:359: DeprecationWarning: Passing 1d arrays as data is deprecated in 0.17 and will raise ValueError in 0.19. Reshape your data either using X.reshape(-1, 1) if your data has a single feature or X.reshape(1, -1) if it contains a single sample.
  warnings.warn(DEPRECATION_MSG_1D, DeprecationWarning)
FACO Model
Normalize complete
Preparing sliding window dataset...
Initialize estimator
Initialization
Initialization
[0;31m---------------------------------------------------------------------------[0m
[0;31mAttributeError[0m                            Traceback (most recent call last)
[0;32m/usr/lib/python2.7/dist-packages/IPython/utils/py3compat.pyc[0m in [0;36mexecfile[0;34m(fname, *where)[0m
[1;32m    202[0m             [0;32melse[0m[0;34m:[0m[0;34m[0m[0m
[1;32m    203[0m                 [0mfilename[0m [0;34m=[0m [0mfname[0m[0;34m[0m[0m
[0;32m--> 204[0;31m             [0m__builtin__[0m[0;34m.[0m[0mexecfile[0m[0;34m([0m[0mfilename[0m[0;34m,[0m [0;34m*[0m[0mwhere[0m[0;34m)[0m[0;34m[0m[0m
[0m
[0;32m/home/ubuntu/NhuanWorking/VMResource/experiments/experimentFuzzy.py[0m in [0;36m<module>[0;34m()[0m
[1;32m     62[0m [0mneuralNet[0m [0;34m=[0m [0mNeuralFlowRegressor[0m[0;34m([0m[0mhidden_nodes[0m[0;34m=[0m[0;36m10[0m[0;34m)[0m[0;34m[0m[0m
[1;32m     63[0m [0mgridSearch[0m [0;34m=[0m [0mGridSearchCV[0m[0;34m([0m[0mneuralNet[0m[0;34m,[0m[0;34m{[0m[0;34m'hidden_nodes'[0m[0;34m:[0m[0;34m[[0m[0;36m28[0m[0;34m,[0m[0;36m50[0m[0;34m][0m[0;34m}[0m[0;34m,[0m[0mn_jobs[0m[0;34m=[0m[0;34m-[0m[0;36m1[0m[0;34m)[0m[0;34m[0m[0m
[0;32m---> 64[0;31m [0mgridSearch[0m[0;34m.[0m[0mfit[0m[0;34m([0m[0mX_train[0m[0;34m,[0m[0my_train[0m[0;34m)[0m[0;34m[0m[0m
[0m[1;32m     65[0m [0;31m# print gridSearch.score(X_test,y_test)[0m[0;34m[0m[0;34m[0m[0m
[1;32m     66[0m [0;32mprint[0m [0mgridSearch[0m[0;34m.[0m[0mgrid_scores_[0m[0;34m[0m[0m

[0;32m/usr/local/lib/python2.7/dist-packages/sklearn/grid_search.pyc[0m in [0;36mfit[0;34m(self, X, y)[0m
[1;32m    802[0m [0;34m[0m[0m
[1;32m    803[0m         """
[0;32m--> 804[0;31m         [0;32mreturn[0m [0mself[0m[0;34m.[0m[0m_fit[0m[0;34m([0m[0mX[0m[0;34m,[0m [0my[0m[0;34m,[0m [0mParameterGrid[0m[0;34m([0m[0mself[0m[0;34m.[0m[0mparam_grid[0m[0;34m)[0m[0;34m)[0m[0;34m[0m[0m
[0m[1;32m    805[0m [0;34m[0m[0m
[1;32m    806[0m [0;34m[0m[0m

[0;32m/usr/local/lib/python2.7/dist-packages/sklearn/grid_search.pyc[0m in [0;36m_fit[0;34m(self, X, y, parameter_iterable)[0m
[1;32m    539[0m                                          n_candidates * len(cv)))
[1;32m    540[0m [0;34m[0m[0m
[0;32m--> 541[0;31m         [0mbase_estimator[0m [0;34m=[0m [0mclone[0m[0;34m([0m[0mself[0m[0;34m.[0m[0mestimator[0m[0;34m)[0m[0;34m[0m[0m
[0m[1;32m    542[0m [0;34m[0m[0m
[1;32m    543[0m         [0mpre_dispatch[0m [0;34m=[0m [0mself[0m[0;34m.[0m[0mpre_dispatch[0m[0;34m[0m[0m

[0;32m/usr/local/lib/python2.7/dist-packages/sklearn/base.pyc[0m in [0;36mclone[0;34m(estimator, safe)[0m
[1;32m     51[0m         [0mnew_object_params[0m[0;34m[[0m[0mname[0m[0;34m][0m [0;34m=[0m [0mclone[0m[0;34m([0m[0mparam[0m[0;34m,[0m [0msafe[0m[0;34m=[0m[0mFalse[0m[0;34m)[0m[0;34m[0m[0m
[1;32m     52[0m     [0mnew_object[0m [0;34m=[0m [0mklass[0m[0;34m([0m[0;34m**[0m[0mnew_object_params[0m[0;34m)[0m[0;34m[0m[0m
[0;32m---> 53[0;31m     [0mparams_set[0m [0;34m=[0m [0mnew_object[0m[0;34m.[0m[0mget_params[0m[0;34m([0m[0mdeep[0m[0;34m=[0m[0mFalse[0m[0;34m)[0m[0;34m[0m[0m
[0m[1;32m     54[0m [0;34m[0m[0m
[1;32m     55[0m     [0;31m# quick sanity check of the parameters of the clone[0m[0;34m[0m[0;34m[0m[0m

[0;32m/home/ubuntu/NhuanWorking/VMResource/estimators/NeuralFlow.pyc[0m in [0;36mget_params[0;34m(self, deep)[0m
[1;32m     14[0m             [0;34m"uniform_init"[0m[0;34m:[0m [0mself[0m[0;34m.[0m[0muniform_init[0m[0;34m,[0m[0;34m[0m[0m
[1;32m     15[0m             [0;34m"learning_rate"[0m[0;34m:[0m [0mself[0m[0;34m.[0m[0mlearning_rate[0m[0;34m,[0m[0;34m[0m[0m
[0;32m---> 16[0;31m             [0;34m"activation"[0m[0;34m:[0m [0mself[0m[0;34m.[0m[0mactivation[0m[0;34m,[0m[0;34m[0m[0m
[0m[1;32m     17[0m             [0;34m"optimize"[0m[0;34m:[0m [0mself[0m[0;34m.[0m[0moptimize[0m[0;34m,[0m[0;34m[0m[0m
[1;32m     18[0m             [0;34m"steps"[0m[0;34m:[0m [0mself[0m[0;34m.[0m[0msteps[0m[0;34m,[0m[0;34m[0m[0m

[0;31mAttributeError[0m: 'NeuralFlowRegressor' object has no attribute 'activation'
/usr/local/lib/python2.7/dist-packages/theano/tensor/signal/downsample.py:6: UserWarning: downsample module has been moved to the theano.tensor.signal.pool module.
  "downsample module has been moved to the theano.tensor.signal.pool module.")
/usr/local/lib/python2.7/dist-packages/sklearn/preprocessing/data.py:324: DeprecationWarning: Passing 1d arrays as data is deprecated in 0.17 and will raise ValueError in 0.19. Reshape your data either using X.reshape(-1, 1) if your data has a single feature or X.reshape(1, -1) if it contains a single sample.
  warnings.warn(DEPRECATION_MSG_1D, DeprecationWarning)
/usr/local/lib/python2.7/dist-packages/sklearn/preprocessing/data.py:359: DeprecationWarning: Passing 1d arrays as data is deprecated in 0.17 and will raise ValueError in 0.19. Reshape your data either using X.reshape(-1, 1) if your data has a single feature or X.reshape(1, -1) if it contains a single sample.
  warnings.warn(DEPRECATION_MSG_1D, DeprecationWarning)
FACO Model
Normalize complete
Preparing sliding window dataset...
Initialize estimator
Initialization
[0;31m---------------------------------------------------------------------------[0m
[0;31mAttributeError[0m                            Traceback (most recent call last)
[0;32m/usr/lib/python2.7/dist-packages/IPython/utils/py3compat.pyc[0m in [0;36mexecfile[0;34m(fname, *where)[0m
[1;32m    202[0m             [0;32melse[0m[0;34m:[0m[0;34m[0m[0m
[1;32m    203[0m                 [0mfilename[0m [0;34m=[0m [0mfname[0m[0;34m[0m[0m
[0;32m--> 204[0;31m             [0m__builtin__[0m[0;34m.[0m[0mexecfile[0m[0;34m([0m[0mfilename[0m[0;34m,[0m [0;34m*[0m[0mwhere[0m[0;34m)[0m[0;34m[0m[0m
[0m
[0;32m/home/ubuntu/NhuanWorking/VMResource/experiments/experimentFuzzy.py[0m in [0;36m<module>[0;34m()[0m
[1;32m     62[0m [0mneuralNet[0m [0;34m=[0m [0mNeuralFlowRegressor[0m[0;34m([0m[0mhidden_nodes[0m[0;34m=[0m[0;36m10[0m[0;34m)[0m[0;34m[0m[0m
[1;32m     63[0m [0mgridSearch[0m [0;34m=[0m [0mGridSearchCV[0m[0;34m([0m[0mneuralNet[0m[0;34m,[0m[0;34m{[0m[0;34m'hidden_nodes'[0m[0;34m:[0m[0;34m[[0m[0;36m28[0m[0;34m,[0m[0;36m50[0m[0;34m][0m[0;34m}[0m[0;34m,[0m[0mn_jobs[0m[0;34m=[0m[0;34m-[0m[0;36m1[0m[0;34m)[0m[0;34m[0m[0m
[0;32m---> 64[0;31m [0mgridSearch[0m[0;34m.[0m[0mfit[0m[0;34m([0m[0mX_train[0m[0;34m,[0m[0my_train[0m[0;34m)[0m[0;34m[0m[0m
[0m[1;32m     65[0m [0;31m# print gridSearch.score(X_test,y_test)[0m[0;34m[0m[0;34m[0m[0m
[1;32m     66[0m [0;32mprint[0m [0mgridSearch[0m[0;34m.[0m[0mgrid_scores_[0m[0;34m[0m[0m

[0;32m/usr/local/lib/python2.7/dist-packages/sklearn/grid_search.pyc[0m in [0;36mfit[0;34m(self, X, y)[0m
[1;32m    802[0m [0;34m[0m[0m
[1;32m    803[0m         """
[0;32m--> 804[0;31m         [0;32mreturn[0m [0mself[0m[0;34m.[0m[0m_fit[0m[0;34m([0m[0mX[0m[0;34m,[0m [0my[0m[0;34m,[0m [0mParameterGrid[0m[0;34m([0m[0mself[0m[0;34m.[0m[0mparam_grid[0m[0;34m)[0m[0;34m)[0m[0;34m[0m[0m
[0m[1;32m    805[0m [0;34m[0m[0m
[1;32m    806[0m [0;34m[0m[0m

[0;32m/usr/local/lib/python2.7/dist-packages/sklearn/grid_search.pyc[0m in [0;36m_fit[0;34m(self, X, y, parameter_iterable)[0m
[1;32m    539[0m                                          n_candidates * len(cv)))
[1;32m    540[0m [0;34m[0m[0m
[0;32m--> 541[0;31m         [0mbase_estimator[0m [0;34m=[0m [0mclone[0m[0;34m([0m[0mself[0m[0;34m.[0m[0mestimator[0m[0;34m)[0m[0;34m[0m[0m
[0m[1;32m    542[0m [0;34m[0m[0m
[1;32m    543[0m         [0mpre_dispatch[0m [0;34m=[0m [0mself[0m[0;34m.[0m[0mpre_dispatch[0m[0;34m[0m[0m

[0;32m/usr/local/lib/python2.7/dist-packages/sklearn/base.pyc[0m in [0;36mclone[0;34m(estimator, safe)[0m
[1;32m     47[0m                             % (repr(estimator), type(estimator)))
[1;32m     48[0m     [0mklass[0m [0;34m=[0m [0mestimator[0m[0;34m.[0m[0m__class__[0m[0;34m[0m[0m
[0;32m---> 49[0;31m     [0mnew_object_params[0m [0;34m=[0m [0mestimator[0m[0;34m.[0m[0mget_params[0m[0;34m([0m[0mdeep[0m[0;34m=[0m[0mFalse[0m[0;34m)[0m[0;34m[0m[0m
[0m[1;32m     50[0m     [0;32mfor[0m [0mname[0m[0;34m,[0m [0mparam[0m [0;32min[0m [0msix[0m[0;34m.[0m[0miteritems[0m[0;34m([0m[0mnew_object_params[0m[0;34m)[0m[0;34m:[0m[0;34m[0m[0m
[1;32m     51[0m         [0mnew_object_params[0m[0;34m[[0m[0mname[0m[0;34m][0m [0;34m=[0m [0mclone[0m[0;34m([0m[0mparam[0m[0;34m,[0m [0msafe[0m[0;34m=[0m[0mFalse[0m[0;34m)[0m[0;34m[0m[0m

[0;32m/home/ubuntu/NhuanWorking/VMResource/estimators/NeuralFlow.py[0m in [0;36mget_params[0;34m(self, deep)[0m
[1;32m     14[0m             [0;34m"uniform_init"[0m[0;34m:[0m [0mself[0m[0;34m.[0m[0muniform_init[0m[0;34m,[0m[0;34m[0m[0m
[1;32m     15[0m             [0;34m"learning_rate"[0m[0;34m:[0m [0mself[0m[0;34m.[0m[0mlearning_rate[0m[0;34m,[0m[0;34m[0m[0m
[0;32m---> 16[0;31m             [0;34m"activation"[0m[0;34m:[0m [0mself[0m[0;34m.[0m[0mactivation[0m[0;34m,[0m[0;34m[0m[0m
[0m[1;32m     17[0m             [0;34m"optimize"[0m[0;34m:[0m [0mself[0m[0;34m.[0m[0moptimize[0m[0;34m,[0m[0;34m[0m[0m
[1;32m     18[0m             [0;34m"steps"[0m[0;34m:[0m [0mself[0m[0;34m.[0m[0msteps[0m[0;34m,[0m[0;34m[0m[0m

[0;31mAttributeError[0m: 'NeuralFlowRegressor' object has no attribute 'activation'
/usr/local/lib/python2.7/dist-packages/theano/tensor/signal/downsample.py:6: UserWarning: downsample module has been moved to the theano.tensor.signal.pool module.
  "downsample module has been moved to the theano.tensor.signal.pool module.")
/usr/local/lib/python2.7/dist-packages/sklearn/preprocessing/data.py:324: DeprecationWarning: Passing 1d arrays as data is deprecated in 0.17 and will raise ValueError in 0.19. Reshape your data either using X.reshape(-1, 1) if your data has a single feature or X.reshape(1, -1) if it contains a single sample.
  warnings.warn(DEPRECATION_MSG_1D, DeprecationWarning)
/usr/local/lib/python2.7/dist-packages/sklearn/preprocessing/data.py:359: DeprecationWarning: Passing 1d arrays as data is deprecated in 0.17 and will raise ValueError in 0.19. Reshape your data either using X.reshape(-1, 1) if your data has a single feature or X.reshape(1, -1) if it contains a single sample.
  warnings.warn(DEPRECATION_MSG_1D, DeprecationWarning)
FACO Model
Normalize complete
Preparing sliding window dataset...
Initialize estimator
Initialization
Initialization
[0;31m---------------------------------------------------------------------------[0m
[0;31mAttributeError[0m                            Traceback (most recent call last)
[0;32m/usr/lib/python2.7/dist-packages/IPython/utils/py3compat.pyc[0m in [0;36mexecfile[0;34m(fname, *where)[0m
[1;32m    202[0m             [0;32melse[0m[0;34m:[0m[0;34m[0m[0m
[1;32m    203[0m                 [0mfilename[0m [0;34m=[0m [0mfname[0m[0;34m[0m[0m
[0;32m--> 204[0;31m             [0m__builtin__[0m[0;34m.[0m[0mexecfile[0m[0;34m([0m[0mfilename[0m[0;34m,[0m [0;34m*[0m[0mwhere[0m[0;34m)[0m[0;34m[0m[0m
[0m
[0;32m/home/ubuntu/NhuanWorking/VMResource/experiments/experimentFuzzy.py[0m in [0;36m<module>[0;34m()[0m
[1;32m     62[0m [0mneuralNet[0m [0;34m=[0m [0mNeuralFlowRegressor[0m[0;34m([0m[0mhidden_nodes[0m[0;34m=[0m[0;36m10[0m[0;34m,[0m[0mactivation[0m[0;34m=[0m[0;34m"ReLU"[0m[0;34m)[0m[0;34m[0m[0m
[1;32m     63[0m [0mgridSearch[0m [0;34m=[0m [0mGridSearchCV[0m[0;34m([0m[0mneuralNet[0m[0;34m,[0m[0;34m{[0m[0;34m'hidden_nodes'[0m[0;34m:[0m[0;34m[[0m[0;36m28[0m[0;34m,[0m[0;36m50[0m[0;34m][0m[0;34m}[0m[0;34m,[0m[0mn_jobs[0m[0;34m=[0m[0;34m-[0m[0;36m1[0m[0;34m)[0m[0;34m[0m[0m
[0;32m---> 64[0;31m [0mgridSearch[0m[0;34m.[0m[0mfit[0m[0;34m([0m[0mX_train[0m[0;34m,[0m[0my_train[0m[0;34m)[0m[0;34m[0m[0m
[0m[1;32m     65[0m [0;31m# print gridSearch.score(X_test,y_test)[0m[0;34m[0m[0;34m[0m[0m
[1;32m     66[0m [0;32mprint[0m [0mgridSearch[0m[0;34m.[0m[0mgrid_scores_[0m[0;34m[0m[0m

[0;32m/usr/local/lib/python2.7/dist-packages/sklearn/grid_search.pyc[0m in [0;36mfit[0;34m(self, X, y)[0m
[1;32m    802[0m [0;34m[0m[0m
[1;32m    803[0m         """
[0;32m--> 804[0;31m         [0;32mreturn[0m [0mself[0m[0;34m.[0m[0m_fit[0m[0;34m([0m[0mX[0m[0;34m,[0m [0my[0m[0;34m,[0m [0mParameterGrid[0m[0;34m([0m[0mself[0m[0;34m.[0m[0mparam_grid[0m[0;34m)[0m[0;34m)[0m[0;34m[0m[0m
[0m[1;32m    805[0m [0;34m[0m[0m
[1;32m    806[0m [0;34m[0m[0m

[0;32m/usr/local/lib/python2.7/dist-packages/sklearn/grid_search.pyc[0m in [0;36m_fit[0;34m(self, X, y, parameter_iterable)[0m
[1;32m    539[0m                                          n_candidates * len(cv)))
[1;32m    540[0m [0;34m[0m[0m
[0;32m--> 541[0;31m         [0mbase_estimator[0m [0;34m=[0m [0mclone[0m[0;34m([0m[0mself[0m[0;34m.[0m[0mestimator[0m[0;34m)[0m[0;34m[0m[0m
[0m[1;32m    542[0m [0;34m[0m[0m
[1;32m    543[0m         [0mpre_dispatch[0m [0;34m=[0m [0mself[0m[0;34m.[0m[0mpre_dispatch[0m[0;34m[0m[0m

[0;32m/usr/local/lib/python2.7/dist-packages/sklearn/base.pyc[0m in [0;36mclone[0;34m(estimator, safe)[0m
[1;32m     51[0m         [0mnew_object_params[0m[0;34m[[0m[0mname[0m[0;34m][0m [0;34m=[0m [0mclone[0m[0;34m([0m[0mparam[0m[0;34m,[0m [0msafe[0m[0;34m=[0m[0mFalse[0m[0;34m)[0m[0;34m[0m[0m
[1;32m     52[0m     [0mnew_object[0m [0;34m=[0m [0mklass[0m[0;34m([0m[0;34m**[0m[0mnew_object_params[0m[0;34m)[0m[0;34m[0m[0m
[0;32m---> 53[0;31m     [0mparams_set[0m [0;34m=[0m [0mnew_object[0m[0;34m.[0m[0mget_params[0m[0;34m([0m[0mdeep[0m[0;34m=[0m[0mFalse[0m[0;34m)[0m[0;34m[0m[0m
[0m[1;32m     54[0m [0;34m[0m[0m
[1;32m     55[0m     [0;31m# quick sanity check of the parameters of the clone[0m[0;34m[0m[0;34m[0m[0m

[0;32m/home/ubuntu/NhuanWorking/VMResource/estimators/NeuralFlow.pyc[0m in [0;36mget_params[0;34m(self, deep)[0m
[1;32m     14[0m             [0;34m"uniform_init"[0m[0;34m:[0m [0mself[0m[0;34m.[0m[0muniform_init[0m[0;34m,[0m[0;34m[0m[0m
[1;32m     15[0m             [0;34m"learning_rate"[0m[0;34m:[0m [0mself[0m[0;34m.[0m[0mlearning_rate[0m[0;34m,[0m[0;34m[0m[0m
[0;32m---> 16[0;31m             [0;34m"activation"[0m[0;34m:[0m [0mself[0m[0;34m.[0m[0mactivation[0m[0;34m,[0m[0;34m[0m[0m
[0m[1;32m     17[0m             [0;34m"optimize"[0m[0;34m:[0m [0mself[0m[0;34m.[0m[0moptimize[0m[0;34m,[0m[0;34m[0m[0m
[1;32m     18[0m             [0;34m"steps"[0m[0;34m:[0m [0mself[0m[0;34m.[0m[0msteps[0m[0;34m,[0m[0;34m[0m[0m

[0;31mAttributeError[0m: 'NeuralFlowRegressor' object has no attribute 'activation'
/usr/local/lib/python2.7/dist-packages/theano/tensor/signal/downsample.py:6: UserWarning: downsample module has been moved to the theano.tensor.signal.pool module.
  "downsample module has been moved to the theano.tensor.signal.pool module.")
/usr/local/lib/python2.7/dist-packages/sklearn/preprocessing/data.py:324: DeprecationWarning: Passing 1d arrays as data is deprecated in 0.17 and will raise ValueError in 0.19. Reshape your data either using X.reshape(-1, 1) if your data has a single feature or X.reshape(1, -1) if it contains a single sample.
  warnings.warn(DEPRECATION_MSG_1D, DeprecationWarning)
/usr/local/lib/python2.7/dist-packages/sklearn/preprocessing/data.py:359: DeprecationWarning: Passing 1d arrays as data is deprecated in 0.17 and will raise ValueError in 0.19. Reshape your data either using X.reshape(-1, 1) if your data has a single feature or X.reshape(1, -1) if it contains a single sample.
  warnings.warn(DEPRECATION_MSG_1D, DeprecationWarning)
FACO Model
Normalize complete
Preparing sliding window dataset...
Initialize estimator
Initialization
Initialization
[0;31m---------------------------------------------------------------------------[0m
[0;31mAttributeError[0m                            Traceback (most recent call last)
[0;32m/usr/lib/python2.7/dist-packages/IPython/utils/py3compat.pyc[0m in [0;36mexecfile[0;34m(fname, *where)[0m
[1;32m    202[0m             [0;32melse[0m[0;34m:[0m[0;34m[0m[0m
[1;32m    203[0m                 [0mfilename[0m [0;34m=[0m [0mfname[0m[0;34m[0m[0m
[0;32m--> 204[0;31m             [0m__builtin__[0m[0;34m.[0m[0mexecfile[0m[0;34m([0m[0mfilename[0m[0;34m,[0m [0;34m*[0m[0mwhere[0m[0;34m)[0m[0;34m[0m[0m
[0m
[0;32m/home/ubuntu/NhuanWorking/VMResource/experiments/experimentFuzzy.py[0m in [0;36m<module>[0;34m()[0m
[1;32m     62[0m [0mneuralNet[0m [0;34m=[0m [0mNeuralFlowRegressor[0m[0;34m([0m[0mhidden_nodes[0m[0;34m=[0m[0;36m10[0m[0;34m,[0m[0mactivation[0m[0;34m=[0m[0;34m"ReLU"[0m[0;34m)[0m[0;34m[0m[0m
[1;32m     63[0m [0mgridSearch[0m [0;34m=[0m [0mGridSearchCV[0m[0;34m([0m[0mneuralNet[0m[0;34m,[0m[0;34m{[0m[0;34m'hidden_nodes'[0m[0;34m:[0m[0;34m[[0m[0;36m28[0m[0;34m,[0m[0;36m50[0m[0;34m][0m[0;34m}[0m[0;34m,[0m[0mn_jobs[0m[0;34m=[0m[0;34m-[0m[0;36m1[0m[0;34m)[0m[0;34m[0m[0m
[0;32m---> 64[0;31m [0mgridSearch[0m[0;34m.[0m[0mfit[0m[0;34m([0m[0mX_train[0m[0;34m,[0m[0my_train[0m[0;34m)[0m[0;34m[0m[0m
[0m[1;32m     65[0m [0;31m# print gridSearch.score(X_test,y_test)[0m[0;34m[0m[0;34m[0m[0m
[1;32m     66[0m [0;32mprint[0m [0mgridSearch[0m[0;34m.[0m[0mgrid_scores_[0m[0;34m[0m[0m

[0;32m/usr/local/lib/python2.7/dist-packages/sklearn/grid_search.pyc[0m in [0;36mfit[0;34m(self, X, y)[0m
[1;32m    802[0m [0;34m[0m[0m
[1;32m    803[0m         """
[0;32m--> 804[0;31m         [0;32mreturn[0m [0mself[0m[0;34m.[0m[0m_fit[0m[0;34m([0m[0mX[0m[0;34m,[0m [0my[0m[0;34m,[0m [0mParameterGrid[0m[0;34m([0m[0mself[0m[0;34m.[0m[0mparam_grid[0m[0;34m)[0m[0;34m)[0m[0;34m[0m[0m
[0m[1;32m    805[0m [0;34m[0m[0m
[1;32m    806[0m [0;34m[0m[0m

[0;32m/usr/local/lib/python2.7/dist-packages/sklearn/grid_search.pyc[0m in [0;36m_fit[0;34m(self, X, y, parameter_iterable)[0m
[1;32m    539[0m                                          n_candidates * len(cv)))
[1;32m    540[0m [0;34m[0m[0m
[0;32m--> 541[0;31m         [0mbase_estimator[0m [0;34m=[0m [0mclone[0m[0;34m([0m[0mself[0m[0;34m.[0m[0mestimator[0m[0;34m)[0m[0;34m[0m[0m
[0m[1;32m    542[0m [0;34m[0m[0m
[1;32m    543[0m         [0mpre_dispatch[0m [0;34m=[0m [0mself[0m[0;34m.[0m[0mpre_dispatch[0m[0;34m[0m[0m

[0;32m/usr/local/lib/python2.7/dist-packages/sklearn/base.pyc[0m in [0;36mclone[0;34m(estimator, safe)[0m
[1;32m     51[0m         [0mnew_object_params[0m[0;34m[[0m[0mname[0m[0;34m][0m [0;34m=[0m [0mclone[0m[0;34m([0m[0mparam[0m[0;34m,[0m [0msafe[0m[0;34m=[0m[0mFalse[0m[0;34m)[0m[0;34m[0m[0m
[1;32m     52[0m     [0mnew_object[0m [0;34m=[0m [0mklass[0m[0;34m([0m[0;34m**[0m[0mnew_object_params[0m[0;34m)[0m[0;34m[0m[0m
[0;32m---> 53[0;31m     [0mparams_set[0m [0;34m=[0m [0mnew_object[0m[0;34m.[0m[0mget_params[0m[0;34m([0m[0mdeep[0m[0;34m=[0m[0mFalse[0m[0;34m)[0m[0;34m[0m[0m
[0m[1;32m     54[0m [0;34m[0m[0m
[1;32m     55[0m     [0;31m# quick sanity check of the parameters of the clone[0m[0;34m[0m[0;34m[0m[0m

[0;32m/home/ubuntu/NhuanWorking/VMResource/estimators/NeuralFlow.pyc[0m in [0;36mget_params[0;34m(self, deep)[0m
[1;32m     14[0m             [0;34m"uniform_init"[0m[0;34m:[0m [0mself[0m[0;34m.[0m[0muniform_init[0m[0;34m,[0m[0;34m[0m[0m
[1;32m     15[0m             [0;34m"learning_rate"[0m[0;34m:[0m [0mself[0m[0;34m.[0m[0mlearning_rate[0m[0;34m,[0m[0;34m[0m[0m
[0;32m---> 16[0;31m             [0;34m"activation"[0m[0;34m:[0m [0mself[0m[0;34m.[0m[0mactivation[0m[0;34m,[0m[0;34m[0m[0m
[0m[1;32m     17[0m             [0;34m"optimize"[0m[0;34m:[0m [0mself[0m[0;34m.[0m[0moptimize[0m[0;34m,[0m[0;34m[0m[0m
[1;32m     18[0m             [0;34m"steps"[0m[0;34m:[0m [0mself[0m[0;34m.[0m[0msteps[0m[0;34m,[0m[0;34m[0m[0m

[0;31mAttributeError[0m: 'NeuralFlowRegressor' object has no attribute 'activation'
Error in atexit._run_exitfuncs:
Traceback (most recent call last):
  File "/usr/lib/python2.7/atexit.py", line 24, in _run_exitfuncs
    func(*targs, **kargs)
  File "/usr/lib/python2.7/dist-packages/IPython/core/magics/script.py", line 270, in kill_bg_processes
    time.sleep(0.1)
KeyboardInterrupt
Error in sys.exitfunc:
Traceback (most recent call last):
  File "/usr/lib/python2.7/atexit.py", line 24, in _run_exitfuncs
    func(*targs, **kargs)
  File "/usr/lib/python2.7/dist-packages/IPython/core/magics/script.py", line 270, in kill_bg_processes
    time.sleep(0.1)
KeyboardInterrupt
/usr/local/lib/python2.7/dist-packages/theano/tensor/signal/downsample.py:6: UserWarning: downsample module has been moved to the theano.tensor.signal.pool module.
  "downsample module has been moved to the theano.tensor.signal.pool module.")
/usr/local/lib/python2.7/dist-packages/sklearn/preprocessing/data.py:324: DeprecationWarning: Passing 1d arrays as data is deprecated in 0.17 and will raise ValueError in 0.19. Reshape your data either using X.reshape(-1, 1) if your data has a single feature or X.reshape(1, -1) if it contains a single sample.
  warnings.warn(DEPRECATION_MSG_1D, DeprecationWarning)
/usr/local/lib/python2.7/dist-packages/sklearn/preprocessing/data.py:359: DeprecationWarning: Passing 1d arrays as data is deprecated in 0.17 and will raise ValueError in 0.19. Reshape your data either using X.reshape(-1, 1) if your data has a single feature or X.reshape(1, -1) if it contains a single sample.
  warnings.warn(DEPRECATION_MSG_1D, DeprecationWarning)
/usr/local/lib/python2.7/dist-packages/theano/tensor/signal/downsample.py:6: UserWarning: downsample module has been moved to the theano.tensor.signal.pool module.
  "downsample module has been moved to the theano.tensor.signal.pool module.")
/usr/local/lib/python2.7/dist-packages/sklearn/preprocessing/data.py:324: DeprecationWarning: Passing 1d arrays as data is deprecated in 0.17 and will raise ValueError in 0.19. Reshape your data either using X.reshape(-1, 1) if your data has a single feature or X.reshape(1, -1) if it contains a single sample.
  warnings.warn(DEPRECATION_MSG_1D, DeprecationWarning)
/usr/local/lib/python2.7/dist-packages/sklearn/preprocessing/data.py:359: DeprecationWarning: Passing 1d arrays as data is deprecated in 0.17 and will raise ValueError in 0.19. Reshape your data either using X.reshape(-1, 1) if your data has a single feature or X.reshape(1, -1) if it contains a single sample.
  warnings.warn(DEPRECATION_MSG_1D, DeprecationWarning)
FACO Model
Normalize complete
Preparing sliding window dataset...
Initialize estimator
Initialization
Score hidden nodes = 28 : 0.00289061849399
{28: 0.0028906184939916043}
[0;31m---------------------------------------------------------------------------[0m
[0;31mValueError[0m                                Traceback (most recent call last)
[0;32m/usr/lib/python2.7/dist-packages/IPython/utils/py3compat.pyc[0m in [0;36mexecfile[0;34m(fname, *where)[0m
[1;32m    202[0m             [0;32melse[0m[0;34m:[0m[0;34m[0m[0m
[1;32m    203[0m                 [0mfilename[0m [0;34m=[0m [0mfname[0m[0;34m[0m[0m
[0;32m--> 204[0;31m             [0m__builtin__[0m[0;34m.[0m[0mexecfile[0m[0;34m([0m[0mfilename[0m[0;34m,[0m [0;34m*[0m[0mwhere[0m[0;34m)[0m[0;34m[0m[0m
[0m
[0;32m/home/ubuntu/NhuanWorking/VMResource/experiments/experimentFuzzy.py[0m in [0;36m<module>[0;34m()[0m
[1;32m     67[0m         [0mscore_nodes[0m[0;34m[[0m[0mn_hidden[0m[0;34m][0m[0;34m=[0m[0mneuralNet[0m[0;34m.[0m[0mscore[0m[0;34m([0m[0mX_train[0m[0;34m,[0m[0my_train[0m[0;34m)[0m[0;34m[0m[0m
[1;32m     68[0m [0;32mprint[0m [0mscore_nodes[0m[0;34m[0m[0m
[0;32m---> 69[0;31m [0mscore_df[0m [0;34m=[0m [0mpd[0m[0;34m.[0m[0mDataFrame[0m[0;34m([0m[0mscore_nodes[0m[0;34m,[0m[0mcolumns[0m[0;34m=[0m[0;34m[[0m[0;34m"nodes"[0m[0;34m,[0m[0;34m"score"[0m[0;34m][0m[0;34m)[0m[0;34m[0m[0m
[0m[1;32m     70[0m [0mscore_df[0m[0;34m.[0m[0mto_csv[0m[0;34m([0m[0;34m'score_lst.csv'[0m[0;34m)[0m[0;34m[0m[0m
[1;32m     71[0m [0;31m#gridSearch = GridSearchCV(neuralNet,{'hidden_nodes':[np.arange(28,50).reshape(-1,1)]},n_jobs=-1)[0m[0;34m[0m[0;34m[0m[0m

[0;32m/usr/local/lib/python2.7/dist-packages/pandas/core/frame.pyc[0m in [0;36m__init__[0;34m(self, data, index, columns, dtype, copy)[0m
[1;32m    222[0m                                  dtype=dtype, copy=copy)
[1;32m    223[0m         [0;32melif[0m [0misinstance[0m[0;34m([0m[0mdata[0m[0;34m,[0m [0mdict[0m[0;34m)[0m[0;34m:[0m[0;34m[0m[0m
[0;32m--> 224[0;31m             [0mmgr[0m [0;34m=[0m [0mself[0m[0;34m.[0m[0m_init_dict[0m[0;34m([0m[0mdata[0m[0;34m,[0m [0mindex[0m[0;34m,[0m [0mcolumns[0m[0;34m,[0m [0mdtype[0m[0;34m=[0m[0mdtype[0m[0;34m)[0m[0;34m[0m[0m
[0m[1;32m    225[0m         [0;32melif[0m [0misinstance[0m[0;34m([0m[0mdata[0m[0;34m,[0m [0mma[0m[0;34m.[0m[0mMaskedArray[0m[0;34m)[0m[0;34m:[0m[0;34m[0m[0m
[1;32m    226[0m             [0;32mimport[0m [0mnumpy[0m[0;34m.[0m[0mma[0m[0;34m.[0m[0mmrecords[0m [0;32mas[0m [0mmrecords[0m[0;34m[0m[0m

[0;32m/usr/local/lib/python2.7/dist-packages/pandas/core/frame.pyc[0m in [0;36m_init_dict[0;34m(self, data, index, columns, dtype)[0m
[1;32m    316[0m             [0;31m# raise ValueError if only scalars in dict[0m[0;34m[0m[0;34m[0m[0m
[1;32m    317[0m             [0;32mif[0m [0mindex[0m [0;32mis[0m [0mNone[0m[0;34m:[0m[0;34m[0m[0m
[0;32m--> 318[0;31m                 [0mextract_index[0m[0;34m([0m[0mlist[0m[0;34m([0m[0mdata[0m[0;34m.[0m[0mvalues[0m[0;34m([0m[0;34m)[0m[0;34m)[0m[0;34m)[0m[0;34m[0m[0m
[0m[1;32m    319[0m [0;34m[0m[0m
[1;32m    320[0m             [0;31m# prefilter if columns passed[0m[0;34m[0m[0;34m[0m[0m

[0;32m/usr/local/lib/python2.7/dist-packages/pandas/core/frame.pyc[0m in [0;36mextract_index[0;34m(data)[0m
[1;32m   5268[0m [0;34m[0m[0m
[1;32m   5269[0m         [0;32mif[0m [0;32mnot[0m [0mindexes[0m [0;32mand[0m [0;32mnot[0m [0mraw_lengths[0m[0;34m:[0m[0;34m[0m[0m
[0;32m-> 5270[0;31m             raise ValueError('If using all scalar values, you must pass'
[0m[1;32m   5271[0m                              ' an index')
[1;32m   5272[0m [0;34m[0m[0m

[0;31mValueError[0m: If using all scalar values, you must pass an index
/usr/local/lib/python2.7/dist-packages/theano/tensor/signal/downsample.py:6: UserWarning: downsample module has been moved to the theano.tensor.signal.pool module.
  "downsample module has been moved to the theano.tensor.signal.pool module.")
/usr/local/lib/python2.7/dist-packages/sklearn/preprocessing/data.py:324: DeprecationWarning: Passing 1d arrays as data is deprecated in 0.17 and will raise ValueError in 0.19. Reshape your data either using X.reshape(-1, 1) if your data has a single feature or X.reshape(1, -1) if it contains a single sample.
  warnings.warn(DEPRECATION_MSG_1D, DeprecationWarning)
/usr/local/lib/python2.7/dist-packages/sklearn/preprocessing/data.py:359: DeprecationWarning: Passing 1d arrays as data is deprecated in 0.17 and will raise ValueError in 0.19. Reshape your data either using X.reshape(-1, 1) if your data has a single feature or X.reshape(1, -1) if it contains a single sample.
  warnings.warn(DEPRECATION_MSG_1D, DeprecationWarning)
FACO Model
Normalize complete
Preparing sliding window dataset...
Initialize estimator
Initialization
Score hidden nodes = 28 : 0.00235718631062
Initialization
Score hidden nodes = 29 : 0.0033708749257
Initialization
Score hidden nodes = 30 : 0.00106394577563
Initialization
Score hidden nodes = 31 : 0.00210410253283
Initialization
Score hidden nodes = 32 : 0.00125982281746
Initialization
Score hidden nodes = 33 : 0.0017103662032
Initialization
Score hidden nodes = 34 : 0.00159203278533
Initialization
Score hidden nodes = 35 : 0.000872546065953
Initialization
Score hidden nodes = 36 : 0.00165571643129
Initialization
Score hidden nodes = 37 : 0.00129003379684
Initialization
Score hidden nodes = 38 : 0.000951173547785
Initialization
Score hidden nodes = 39 : 0.000840792680305
Initialization
Score hidden nodes = 40 : 0.00146036023524
Initialization
Score hidden nodes = 41 : 0.00119237383787
Initialization
Score hidden nodes = 42 : 0.000933275559115
Initialization
Score hidden nodes = 43 : 0.00161650889717
Initialization
Score hidden nodes = 44 : 0.000641343474274
Initialization
Score hidden nodes = 45 : 0.00154653032337
Initialization
Score hidden nodes = 46 : 0.000680170518828
Initialization
Score hidden nodes = 47 : 0.00108077631244
Initialization
Score hidden nodes = 48 : 0.00106429324263
Initialization
Score hidden nodes = 49 : 0.000689027934389
Initialization
Score hidden nodes = 50 : 0.00114812768431
Initialization
Score hidden nodes = 51 : 0.00131818401461
Initialization
Score hidden nodes = 52 : 0.00111484385004
Initialization
Score hidden nodes = 53 : 0.000901909751004
Initialization
Score hidden nodes = 54 : 0.000826212437012
Initialization
Score hidden nodes = 55 : 0.000325429462593
Initialization
Score hidden nodes = 56 : 0.00111362164825
Initialization
Score hidden nodes = 57 : 0.000791011903732
Initialization
Score hidden nodes = 58 : 0.000773799018618
Initialization
Score hidden nodes = 59 : 0.000759144331978
Initialization
Score hidden nodes = 60 : 0.000795799460567
Initialization
Score hidden nodes = 61 : 0.0010320707162
Initialization
Score hidden nodes = 62 : 0.000501355423074
Initialization
Score hidden nodes = 63 : 0.000682877408464
Initialization
Score hidden nodes = 64 : 0.000440944484851
Initialization
Score hidden nodes = 65 : 0.000550807460664
Initialization
Score hidden nodes = 66 : 0.00084060379525
Initialization
Score hidden nodes = 67 : 0.000485287415139
Initialization
Score hidden nodes = 68 : 0.000640023960199
Initialization
Score hidden nodes = 69 : 0.000890003849866
Initialization
Score hidden nodes = 70 : 0.000517757359307
Initialization
Score hidden nodes = 71 : 0.000676131857866
Initialization
Score hidden nodes = 72 : 0.000543790781945
Initialization
Score hidden nodes = 73 : 0.000508062628823
Initialization
Score hidden nodes = 74 : 0.00118392416906
Initialization
Score hidden nodes = 75 : 0.00066838098869
Initialization
Score hidden nodes = 76 : 0.000701519294931
Initialization
Score hidden nodes = 77 : 0.000841395742021
Initialization
Score hidden nodes = 78 : 0.000578907369744
Initialization
Score hidden nodes = 79 : 0.000883192117795
{'56': 0.0011136216482479035, '77': 0.00084139574202069163, '42': 0.00093327555911524251, '29': 0.0033708749257005365, '60': 0.00079579946056732183, '61': 0.0010320707162048014, '62': 0.00050135542307406513, '63': 0.00068287740846398532, '64': 0.00044094448485148391, '53': 0.00090190975100425737, '66': 0.00084060379525046475, '67': 0.00048528741513926242, '68': 0.00064002396019932997, '69': 0.00089000384986585607, '52': 0.0011148438500428125, '48': 0.0010642932426257615, '49': 0.00068902793438942026, '46': 0.00068017051882840625, '47': 0.0010807763124416011, '44': 0.00064134347427373991, '45': 0.0015465303233694479, '28': 0.0023571863106226112, '43': 0.0016165088971683507, '40': 0.0014603602352423796, '41': 0.0011923738378702021, '65': 0.00055080746066411964, '76': 0.00070151929493076661, '75': 0.0006683809886899114, '74': 0.0011839241690641711, '73': 0.00050806262882287971, '72': 0.00054379078194456546, '71': 0.0006761318578664599, '70': 0.00051775735930709198, '79': 0.00088319211779526311, '78': 0.00057890736974444972, '51': 0.001318184014605155, '39': 0.00084079268030478693, '38': 0.00095117354778540171, '59': 0.00075914433197768732, '58': 0.00077379901861829542, '33': 0.0017103662031951663, '32': 0.001259822817464917, '31': 0.0021041025328343396, '30': 0.0010639457756295434, '37': 0.0012900337968395185, '36': 0.0016557164312941428, '35': 0.00087254606595274303, '34': 0.0015920327853312713, '55': 0.000325429462592604, '54': 0.0008262124370117136, '57': 0.00079101190373226501, '50': 0.0011481276843070057}
